build/app/intermediates/manifest_merge_blame_file/debug/manifest-merger-blame-debug-report.txt
1<?xml version="1.0" encoding="utf-8"?>
2<manifest xmlns:android="http://schemas.android.com/apk/res/android"
3    package="com.boroboro01.comb"
4    android:versionCode="1"
5    android:versionName="1.0.0" >
6
7    <uses-sdk
8        android:minSdkVersion="19"
9        android:targetSdkVersion="33" />
10    <!--
11         The INTERNET permission is required for development. Specifically,
12         the Flutter tool needs it to communicate with the running application
13         to allow setting breakpoints, to provide hot reload, etc.
14    -->
15    <uses-permission android:name="android.permission.INTERNET" />
15-->src/debug/AndroidManifest.xml:6:5-66
15-->src/debug/AndroidManifest.xml:6:22-64
16    <uses-permission android:name="android.permission.ACCESS_NETWORK_STATE" />
16-->[com.google.firebase:firebase-auth:22.3.1] AndroidManifest.xml:26:5-79
16-->[com.google.firebase:firebase-auth:22.3.1] AndroidManifest.xml:26:22-76
17    <uses-permission android:name="android.permission.WAKE_LOCK" />
17-->[com.google.android.gms:play-services-measurement-api:21.5.1] AndroidManifest.xml:24:5-68
17-->[com.google.android.gms:play-services-measurement-api:21.5.1] AndroidManifest.xml:24:22-65
18    <uses-permission android:name="com.google.android.gms.permission.AD_ID" />
18-->[com.google.android.gms:play-services-measurement-api:21.5.1] AndroidManifest.xml:25:5-79
18-->[com.google.android.gms:play-services-measurement-api:21.5.1] AndroidManifest.xml:25:22-76
19    <uses-permission android:name="android.permission.ACCESS_ADSERVICES_ATTRIBUTION" />
19-->[com.google.android.gms:play-services-measurement-api:21.5.1] AndroidManifest.xml:26:5-88
19-->[com.google.android.gms:play-services-measurement-api:21.5.1] AndroidManifest.xml:26:22-85
20    <uses-permission android:name="android.permission.ACCESS_ADSERVICES_AD_ID" />
20-->[com.google.android.gms:play-services-measurement-api:21.5.1] AndroidManifest.xml:27:5-82
20-->[com.google.android.gms:play-services-measurement-api:21.5.1] AndroidManifest.xml:27:22-79
21    <uses-permission android:name="com.google.android.providers.gsf.permission.READ_GSERVICES" />
21-->[com.google.android.recaptcha:recaptcha:18.4.0] AndroidManifest.xml:9:5-98
21-->[com.google.android.recaptcha:recaptcha:18.4.0] AndroidManifest.xml:9:22-95
22    <uses-permission android:name="com.google.android.finsky.permission.BIND_GET_INSTALL_REFERRER_SERVICE" />
22-->[com.google.android.gms:play-services-measurement:21.5.1] AndroidManifest.xml:26:5-110
22-->[com.google.android.gms:play-services-measurement:21.5.1] AndroidManifest.xml:26:22-107
23
24    <permission
24-->[androidx.core:core:1.10.1] AndroidManifest.xml:22:5-24:47
25        android:name="com.boroboro01.comb.DYNAMIC_RECEIVER_NOT_EXPORTED_PERMISSION"
25-->[androidx.core:core:1.10.1] AndroidManifest.xml:23:9-81
26        android:protectionLevel="signature" />
26-->[androidx.core:core:1.10.1] AndroidManifest.xml:24:9-44
27
28    <uses-permission android:name="com.boroboro01.comb.DYNAMIC_RECEIVER_NOT_EXPORTED_PERMISSION" />
28-->[androidx.core:core:1.10.1] AndroidManifest.xml:26:5-97
28-->[androidx.core:core:1.10.1] AndroidManifest.xml:26:22-94
29
30    <application
31        android:name="android.app.Application"
32        android:appComponentFactory="androidx.core.app.CoreComponentFactory"
32-->[androidx.core:core:1.10.1] AndroidManifest.xml:28:18-86
33        android:debuggable="true"
34        android:icon="@mipmap/ic_launcher"
35        android:label="comb" >
36        <activity
37            android:name="com.boroboro01.comb.MainActivity"
38            android:configChanges="orientation|keyboardHidden|keyboard|screenSize|smallestScreenSize|locale|layoutDirection|fontScale|screenLayout|density|uiMode"
39            android:exported="true"
40            android:hardwareAccelerated="true"
41            android:launchMode="singleTop"
42            android:theme="@style/LaunchTheme"
43            android:windowSoftInputMode="adjustResize" >
44
45            <!--
46                 Specifies an Android theme to apply to this Activity as soon as
47                 the Android process has started. This theme is visible to the user
48                 while the Flutter UI initializes. After that, this theme continues
49                 to determine the Window background behind the Flutter UI.
50            -->
51            <meta-data
52                android:name="io.flutter.embedding.android.NormalTheme"
53                android:resource="@style/NormalTheme" />
54
55            <intent-filter>
56                <action android:name="android.intent.action.MAIN" />
57
58                <category android:name="android.intent.category.LAUNCHER" />
59            </intent-filter>
60        </activity>
61        <!--
62             Don't delete the meta-data below.
63             This is used by the Flutter tool to generate GeneratedPluginRegistrant.java
64        -->
65        <meta-data
66            android:name="flutterEmbedding"
67            android:value="2" />
68
69        <service
69-->[:firebase_auth] AndroidManifest.xml:10:9-14:19
70            android:name="com.google.firebase.components.ComponentDiscoveryService"
70-->[:firebase_auth] AndroidManifest.xml:10:18-89
71            android:directBootAware="true"
71-->[com.google.firebase:firebase-common:20.4.2] AndroidManifest.xml:32:13-43
72            android:exported="false" >
72-->[com.google.firebase:firebase-auth:22.3.1] AndroidManifest.xml:68:13-37
73            <meta-data
73-->[:firebase_auth] AndroidManifest.xml:11:13-13:85
74                android:name="com.google.firebase.components:io.flutter.plugins.firebase.auth.FlutterFirebaseAuthRegistrar"
74-->[:firebase_auth] AndroidManifest.xml:12:17-124
75                android:value="com.google.firebase.components.ComponentRegistrar" />
75-->[:firebase_auth] AndroidManifest.xml:13:17-82
76            <meta-data
76-->[:cloud_firestore] AndroidManifest.xml:11:13-13:85
77                android:name="com.google.firebase.components:io.flutter.plugins.firebase.firestore.FlutterFirebaseFirestoreRegistrar"
77-->[:cloud_firestore] AndroidManifest.xml:12:17-134
78                android:value="com.google.firebase.components.ComponentRegistrar" />
78-->[:cloud_firestore] AndroidManifest.xml:13:17-82
79            <meta-data
79-->[:firebase_core] AndroidManifest.xml:11:13-13:85
80                android:name="com.google.firebase.components:io.flutter.plugins.firebase.core.FlutterFirebaseCoreRegistrar"
80-->[:firebase_core] AndroidManifest.xml:12:17-124
81                android:value="com.google.firebase.components.ComponentRegistrar" />
81-->[:firebase_core] AndroidManifest.xml:13:17-82
82            <meta-data
82-->[com.google.firebase:firebase-auth:22.3.1] AndroidManifest.xml:69:13-71:85
83                android:name="com.google.firebase.components:com.google.firebase.auth.FirebaseAuthRegistrar"
83-->[com.google.firebase:firebase-auth:22.3.1] AndroidManifest.xml:70:17-109
84                android:value="com.google.firebase.components.ComponentRegistrar" />
84-->[com.google.firebase:firebase-auth:22.3.1] AndroidManifest.xml:71:17-82
85            <meta-data
85-->[com.google.firebase:firebase-firestore:24.10.2] AndroidManifest.xml:17:13-19:85
86                android:name="com.google.firebase.components:com.google.firebase.firestore.FirebaseFirestoreKtxRegistrar"
86-->[com.google.firebase:firebase-firestore:24.10.2] AndroidManifest.xml:18:17-122
87                android:value="com.google.firebase.components.ComponentRegistrar" />
87-->[com.google.firebase:firebase-firestore:24.10.2] AndroidManifest.xml:19:17-82
88            <meta-data
88-->[com.google.firebase:firebase-firestore:24.10.2] AndroidManifest.xml:20:13-22:85
89                android:name="com.google.firebase.components:com.google.firebase.firestore.FirestoreRegistrar"
89-->[com.google.firebase:firebase-firestore:24.10.2] AndroidManifest.xml:21:17-111
90                android:value="com.google.firebase.components.ComponentRegistrar" />
90-->[com.google.firebase:firebase-firestore:24.10.2] AndroidManifest.xml:22:17-82
91            <meta-data
91-->[com.google.android.gms:play-services-measurement-api:21.5.1] AndroidManifest.xml:37:13-39:85
92                android:name="com.google.firebase.components:com.google.firebase.analytics.connector.internal.AnalyticsConnectorRegistrar"
92-->[com.google.android.gms:play-services-measurement-api:21.5.1] AndroidManifest.xml:38:17-139
93                android:value="com.google.firebase.components.ComponentRegistrar" />
93-->[com.google.android.gms:play-services-measurement-api:21.5.1] AndroidManifest.xml:39:17-82
94            <meta-data
94-->[com.google.firebase:firebase-installations:17.2.0] AndroidManifest.xml:15:13-17:85
95                android:name="com.google.firebase.components:com.google.firebase.installations.FirebaseInstallationsKtxRegistrar"
95-->[com.google.firebase:firebase-installations:17.2.0] AndroidManifest.xml:16:17-130
96                android:value="com.google.firebase.components.ComponentRegistrar" />
96-->[com.google.firebase:firebase-installations:17.2.0] AndroidManifest.xml:17:17-82
97            <meta-data
97-->[com.google.firebase:firebase-installations:17.2.0] AndroidManifest.xml:18:13-20:85
98                android:name="com.google.firebase.components:com.google.firebase.installations.FirebaseInstallationsRegistrar"
98-->[com.google.firebase:firebase-installations:17.2.0] AndroidManifest.xml:19:17-127
99                android:value="com.google.firebase.components.ComponentRegistrar" />
99-->[com.google.firebase:firebase-installations:17.2.0] AndroidManifest.xml:20:17-82
100            <meta-data
100-->[com.google.firebase:firebase-common-ktx:20.4.2] AndroidManifest.xml:12:13-14:85
101                android:name="com.google.firebase.components:com.google.firebase.ktx.FirebaseCommonLegacyRegistrar"
101-->[com.google.firebase:firebase-common-ktx:20.4.2] AndroidManifest.xml:13:17-116
102                android:value="com.google.firebase.components.ComponentRegistrar" />
102-->[com.google.firebase:firebase-common-ktx:20.4.2] AndroidManifest.xml:14:17-82
103            <meta-data
103-->[com.google.firebase:firebase-common:20.4.2] AndroidManifest.xml:35:13-37:85
104                android:name="com.google.firebase.components:com.google.firebase.FirebaseCommonKtxRegistrar"
104-->[com.google.firebase:firebase-common:20.4.2] AndroidManifest.xml:36:17-109
105                android:value="com.google.firebase.components.ComponentRegistrar" />
105-->[com.google.firebase:firebase-common:20.4.2] AndroidManifest.xml:37:17-82
106        </service>
107
108        <provider
108-->[:image_picker_android] AndroidManifest.xml:10:9-18:20
109            android:name="io.flutter.plugins.imagepicker.ImagePickerFileProvider"
109-->[:image_picker_android] AndroidManifest.xml:11:13-82
110            android:authorities="com.boroboro01.comb.flutter.image_provider"
110-->[:image_picker_android] AndroidManifest.xml:12:13-74
111            android:exported="false"
111-->[:image_picker_android] AndroidManifest.xml:13:13-37
112            android:grantUriPermissions="true" >
112-->[:image_picker_android] AndroidManifest.xml:14:13-47
113            <meta-data
113-->[:image_picker_android] AndroidManifest.xml:15:13-17:75
114                android:name="android.support.FILE_PROVIDER_PATHS"
114-->[:image_picker_android] AndroidManifest.xml:16:17-67
115                android:resource="@xml/flutter_image_picker_file_paths" />
115-->[:image_picker_android] AndroidManifest.xml:17:17-72
116        </provider>
117
118        <activity
118-->[com.google.firebase:firebase-auth:22.3.1] AndroidManifest.xml:29:9-46:20
119            android:name="com.google.firebase.auth.internal.GenericIdpActivity"
119-->[com.google.firebase:firebase-auth:22.3.1] AndroidManifest.xml:30:13-80
120            android:excludeFromRecents="true"
120-->[com.google.firebase:firebase-auth:22.3.1] AndroidManifest.xml:31:13-46
121            android:exported="true"
121-->[com.google.firebase:firebase-auth:22.3.1] AndroidManifest.xml:32:13-36
122            android:launchMode="singleTask"
122-->[com.google.firebase:firebase-auth:22.3.1] AndroidManifest.xml:33:13-44
123            android:theme="@android:style/Theme.Translucent.NoTitleBar" >
123-->[com.google.firebase:firebase-auth:22.3.1] AndroidManifest.xml:34:13-72
124            <intent-filter>
124-->[com.google.firebase:firebase-auth:22.3.1] AndroidManifest.xml:35:13-45:29
125                <action android:name="android.intent.action.VIEW" />
125-->[com.google.firebase:firebase-auth:22.3.1] AndroidManifest.xml:36:17-69
125-->[com.google.firebase:firebase-auth:22.3.1] AndroidManifest.xml:36:25-66
126
127                <category android:name="android.intent.category.DEFAULT" />
127-->[com.google.firebase:firebase-auth:22.3.1] AndroidManifest.xml:38:17-76
127-->[com.google.firebase:firebase-auth:22.3.1] AndroidManifest.xml:38:27-73
128                <category android:name="android.intent.category.BROWSABLE" />
128-->[com.google.firebase:firebase-auth:22.3.1] AndroidManifest.xml:39:17-78
128-->[com.google.firebase:firebase-auth:22.3.1] AndroidManifest.xml:39:27-75
129
130                <data
130-->[com.google.firebase:firebase-auth:22.3.1] AndroidManifest.xml:41:17-44:51
131                    android:host="firebase.auth"
131-->[com.google.firebase:firebase-auth:22.3.1] AndroidManifest.xml:42:21-49
132                    android:path="/"
132-->[com.google.firebase:firebase-auth:22.3.1] AndroidManifest.xml:43:21-37
133                    android:scheme="genericidp" />
133-->[com.google.firebase:firebase-auth:22.3.1] AndroidManifest.xml:44:21-48
134            </intent-filter>
135        </activity>
136        <activity
136-->[com.google.firebase:firebase-auth:22.3.1] AndroidManifest.xml:47:9-64:20
137            android:name="com.google.firebase.auth.internal.RecaptchaActivity"
137-->[com.google.firebase:firebase-auth:22.3.1] AndroidManifest.xml:48:13-79
138            android:excludeFromRecents="true"
138-->[com.google.firebase:firebase-auth:22.3.1] AndroidManifest.xml:49:13-46
139            android:exported="true"
139-->[com.google.firebase:firebase-auth:22.3.1] AndroidManifest.xml:50:13-36
140            android:launchMode="singleTask"
140-->[com.google.firebase:firebase-auth:22.3.1] AndroidManifest.xml:51:13-44
141            android:theme="@android:style/Theme.Translucent.NoTitleBar" >
141-->[com.google.firebase:firebase-auth:22.3.1] AndroidManifest.xml:52:13-72
142            <intent-filter>
142-->[com.google.firebase:firebase-auth:22.3.1] AndroidManifest.xml:53:13-63:29
143                <action android:name="android.intent.action.VIEW" />
143-->[com.google.firebase:firebase-auth:22.3.1] AndroidManifest.xml:36:17-69
143-->[com.google.firebase:firebase-auth:22.3.1] AndroidManifest.xml:36:25-66
144
145                <category android:name="android.intent.category.DEFAULT" />
145-->[com.google.firebase:firebase-auth:22.3.1] AndroidManifest.xml:38:17-76
145-->[com.google.firebase:firebase-auth:22.3.1] AndroidManifest.xml:38:27-73
146                <category android:name="android.intent.category.BROWSABLE" />
146-->[com.google.firebase:firebase-auth:22.3.1] AndroidManifest.xml:39:17-78
146-->[com.google.firebase:firebase-auth:22.3.1] AndroidManifest.xml:39:27-75
147
148                <data
148-->[com.google.firebase:firebase-auth:22.3.1] AndroidManifest.xml:41:17-44:51
149                    android:host="firebase.auth"
149-->[com.google.firebase:firebase-auth:22.3.1] AndroidManifest.xml:42:21-49
150                    android:path="/"
150-->[com.google.firebase:firebase-auth:22.3.1] AndroidManifest.xml:43:21-37
151                    android:scheme="recaptcha" />
151-->[com.google.firebase:firebase-auth:22.3.1] AndroidManifest.xml:44:21-48
152            </intent-filter>
153        </activity>
154
155        <property
155-->[com.google.android.gms:play-services-measurement-api:21.5.1] AndroidManifest.xml:30:9-32:61
156            android:name="android.adservices.AD_SERVICES_CONFIG"
156-->[com.google.android.gms:play-services-measurement-api:21.5.1] AndroidManifest.xml:31:13-65
157            android:resource="@xml/ga_ad_services_config" />
157-->[com.google.android.gms:play-services-measurement-api:21.5.1] AndroidManifest.xml:32:13-58
158
159        <provider
159-->[com.google.firebase:firebase-common:20.4.2] AndroidManifest.xml:23:9-28:39
160            android:name="com.google.firebase.provider.FirebaseInitProvider"
160-->[com.google.firebase:firebase-common:20.4.2] AndroidManifest.xml:24:13-77
161            android:authorities="com.boroboro01.comb.firebaseinitprovider"
161-->[com.google.firebase:firebase-common:20.4.2] AndroidManifest.xml:25:13-72
162            android:directBootAware="true"
162-->[com.google.firebase:firebase-common:20.4.2] AndroidManifest.xml:26:13-43
163            android:exported="false"
163-->[com.google.firebase:firebase-common:20.4.2] AndroidManifest.xml:27:13-37
164            android:initOrder="100" />
164-->[com.google.firebase:firebase-common:20.4.2] AndroidManifest.xml:28:13-36
165
166        <receiver
166-->[com.google.android.gms:play-services-measurement:21.5.1] AndroidManifest.xml:29:9-33:20
167            android:name="com.google.android.gms.measurement.AppMeasurementReceiver"
167-->[com.google.android.gms:play-services-measurement:21.5.1] AndroidManifest.xml:30:13-85
168            android:enabled="true"
168-->[com.google.android.gms:play-services-measurement:21.5.1] AndroidManifest.xml:31:13-35
169            android:exported="false" >
169-->[com.google.android.gms:play-services-measurement:21.5.1] AndroidManifest.xml:32:13-37
170        </receiver>
171
172        <service
172-->[com.google.android.gms:play-services-measurement:21.5.1] AndroidManifest.xml:35:9-38:40
173            android:name="com.google.android.gms.measurement.AppMeasurementService"
173-->[com.google.android.gms:play-services-measurement:21.5.1] AndroidManifest.xml:36:13-84
174            android:enabled="true"
174-->[com.google.android.gms:play-services-measurement:21.5.1] AndroidManifest.xml:37:13-35
175            android:exported="false" />
175-->[com.google.android.gms:play-services-measurement:21.5.1] AndroidManifest.xml:38:13-37
176        <service
176-->[com.google.android.gms:play-services-measurement:21.5.1] AndroidManifest.xml:39:9-43:72
177            android:name="com.google.android.gms.measurement.AppMeasurementJobService"
177-->[com.google.android.gms:play-services-measurement:21.5.1] AndroidManifest.xml:40:13-87
178            android:enabled="true"
178-->[com.google.android.gms:play-services-measurement:21.5.1] AndroidManifest.xml:41:13-35
179            android:exported="false"
179-->[com.google.android.gms:play-services-measurement:21.5.1] AndroidManifest.xml:42:13-37
180            android:permission="android.permission.BIND_JOB_SERVICE" />
180-->[com.google.android.gms:play-services-measurement:21.5.1] AndroidManifest.xml:43:13-69
181
182        <activity
182-->[com.google.android.gms:play-services-base:18.0.1] AndroidManifest.xml:20:9-22:45
183            android:name="com.google.android.gms.common.api.GoogleApiActivity"
183-->[com.google.android.gms:play-services-base:18.0.1] AndroidManifest.xml:20:19-85
184            android:exported="false"
184-->[com.google.android.gms:play-services-base:18.0.1] AndroidManifest.xml:22:19-43
185            android:theme="@android:style/Theme.Translucent.NoTitleBar" />
185-->[com.google.android.gms:play-services-base:18.0.1] AndroidManifest.xml:21:19-78
186
187        <meta-data
187-->[com.google.android.gms:play-services-basement:18.1.0] AndroidManifest.xml:21:9-23:69
188            android:name="com.google.android.gms.version"
188-->[com.google.android.gms:play-services-basement:18.1.0] AndroidManifest.xml:22:13-58
189            android:value="@integer/google_play_services_version" />
189-->[com.google.android.gms:play-services-basement:18.1.0] AndroidManifest.xml:23:13-66
190
191        <uses-library
191-->[androidx.window:window:1.0.0-beta04] AndroidManifest.xml:25:9-27:40
192            android:name="androidx.window.extensions"
192-->[androidx.window:window:1.0.0-beta04] AndroidManifest.xml:26:13-54
193            android:required="false" />
193-->[androidx.window:window:1.0.0-beta04] AndroidManifest.xml:27:13-37
194        <uses-library
194-->[androidx.window:window:1.0.0-beta04] AndroidManifest.xml:28:9-30:40
195            android:name="androidx.window.sidecar"
195-->[androidx.window:window:1.0.0-beta04] AndroidManifest.xml:29:13-51
196            android:required="false" />
196-->[androidx.window:window:1.0.0-beta04] AndroidManifest.xml:30:13-37
197        <uses-library
197-->[androidx.privacysandbox.ads:ads-adservices:1.0.0-beta05] AndroidManifest.xml:23:9-25:40
198            android:name="android.ext.adservices"
198-->[androidx.privacysandbox.ads:ads-adservices:1.0.0-beta05] AndroidManifest.xml:24:13-50
199            android:required="false" />
199-->[androidx.privacysandbox.ads:ads-adservices:1.0.0-beta05] AndroidManifest.xml:25:13-37
200
201        <provider
201-->[androidx.profileinstaller:profileinstaller:1.3.0] AndroidManifest.xml:24:9-32:20
202            android:name="androidx.startup.InitializationProvider"
202-->[androidx.profileinstaller:profileinstaller:1.3.0] AndroidManifest.xml:25:13-67
203            android:authorities="com.boroboro01.comb.androidx-startup"
203-->[androidx.profileinstaller:profileinstaller:1.3.0] AndroidManifest.xml:26:13-68
204            android:exported="false" >
204-->[androidx.profileinstaller:profileinstaller:1.3.0] AndroidManifest.xml:27:13-37
205            <meta-data
205-->[androidx.profileinstaller:profileinstaller:1.3.0] AndroidManifest.xml:29:13-31:52
206                android:name="androidx.profileinstaller.ProfileInstallerInitializer"
206-->[androidx.profileinstaller:profileinstaller:1.3.0] AndroidManifest.xml:30:17-85
207                android:value="androidx.startup" />
207-->[androidx.profileinstaller:profileinstaller:1.3.0] AndroidManifest.xml:31:17-49
208        </provider>
209
210        <receiver
210-->[androidx.profileinstaller:profileinstaller:1.3.0] AndroidManifest.xml:34:9-52:20
211            android:name="androidx.profileinstaller.ProfileInstallReceiver"
211-->[androidx.profileinstaller:profileinstaller:1.3.0] AndroidManifest.xml:35:13-76
212            android:directBootAware="false"
212-->[androidx.profileinstaller:profileinstaller:1.3.0] AndroidManifest.xml:36:13-44
213            android:enabled="true"
213-->[androidx.profileinstaller:profileinstaller:1.3.0] AndroidManifest.xml:37:13-35
214            android:exported="true"
214-->[androidx.profileinstaller:profileinstaller:1.3.0] AndroidManifest.xml:38:13-36
215            android:permission="android.permission.DUMP" >
215-->[androidx.profileinstaller:profileinstaller:1.3.0] AndroidManifest.xml:39:13-57
216            <intent-filter>
216-->[androidx.profileinstaller:profileinstaller:1.3.0] AndroidManifest.xml:40:13-42:29
217                <action android:name="androidx.profileinstaller.action.INSTALL_PROFILE" />
217-->[androidx.profileinstaller:profileinstaller:1.3.0] AndroidManifest.xml:41:17-91
217-->[androidx.profileinstaller:profileinstaller:1.3.0] AndroidManifest.xml:41:25-88
218            </intent-filter>
219            <intent-filter>
219-->[androidx.profileinstaller:profileinstaller:1.3.0] AndroidManifest.xml:43:13-45:29
220                <action android:name="androidx.profileinstaller.action.SKIP_FILE" />
220-->[androidx.profileinstaller:profileinstaller:1.3.0] AndroidManifest.xml:44:17-85
220-->[androidx.profileinstaller:profileinstaller:1.3.0] AndroidManifest.xml:44:25-82
221            </intent-filter>
222            <intent-filter>
222-->[androidx.profileinstaller:profileinstaller:1.3.0] AndroidManifest.xml:46:13-48:29
223                <action android:name="androidx.profileinstaller.action.SAVE_PROFILE" />
223-->[androidx.profileinstaller:profileinstaller:1.3.0] AndroidManifest.xml:47:17-88
223-->[androidx.profileinstaller:profileinstaller:1.3.0] AndroidManifest.xml:47:25-85
224            </intent-filter>
225            <intent-filter>
225-->[androidx.profileinstaller:profileinstaller:1.3.0] AndroidManifest.xml:49:13-51:29
226                <action android:name="androidx.profileinstaller.action.BENCHMARK_OPERATION" />
226-->[androidx.profileinstaller:profileinstaller:1.3.0] AndroidManifest.xml:50:17-95
226-->[androidx.profileinstaller:profileinstaller:1.3.0] AndroidManifest.xml:50:25-92
227            </intent-filter>
228        </receiver>
229    </application>
230
231</manifest>